2020-08-07 20:14:48,490 INFO o.a.j.u.JMeterUtils: Setting Locale to en_EN
2020-08-07 20:14:48,542 INFO o.a.j.JMeter: Loading user properties from: /tmp/jeanne/apache-jmeter-5.3/bin/user.properties
2020-08-07 20:14:48,542 INFO o.a.j.JMeter: Loading system properties from: /tmp/jeanne/apache-jmeter-5.3/bin/system.properties
2020-08-07 20:14:48,544 INFO o.a.j.JMeter: Copyright (c) 1998-2020 The Apache Software Foundation
2020-08-07 20:14:48,544 INFO o.a.j.JMeter: Version 5.3
2020-08-07 20:14:48,544 INFO o.a.j.JMeter: java.version=11.0.3
2020-08-07 20:14:48,544 INFO o.a.j.JMeter: java.vm.name=OpenJDK 64-Bit Server VM
2020-08-07 20:14:48,545 INFO o.a.j.JMeter: os.name=Linux
2020-08-07 20:14:48,545 INFO o.a.j.JMeter: os.arch=amd64
2020-08-07 20:14:48,545 INFO o.a.j.JMeter: os.version=3.10.0-1062.4.1.el7.x86_64
2020-08-07 20:14:48,545 INFO o.a.j.JMeter: file.encoding=UTF-8
2020-08-07 20:14:48,545 INFO o.a.j.JMeter: java.awt.headless=true
2020-08-07 20:14:48,545 INFO o.a.j.JMeter: Max memory     =1073741824
2020-08-07 20:14:48,545 INFO o.a.j.JMeter: Available Processors =2
2020-08-07 20:14:48,555 INFO o.a.j.JMeter: Default Locale=English (EN)
2020-08-07 20:14:48,556 INFO o.a.j.JMeter: JMeter  Locale=English (EN)
2020-08-07 20:14:48,556 INFO o.a.j.JMeter: JMeterHome=/tmp/jeanne/apache-jmeter-5.3
2020-08-07 20:14:48,556 INFO o.a.j.JMeter: user.dir  =/tmp/jeanne/learning-go/tmp
2020-08-07 20:14:48,556 INFO o.a.j.JMeter: PWD       =/tmp/jeanne/learning-go/tmp
2020-08-07 20:14:48,556 INFO o.a.j.JMeter: IP: 10.42.18.18 Name: t37-64748bbb6-lpm4r FullName: t37-64748bbb6-lpm4r
2020-08-07 20:14:48,561 INFO o.a.j.s.FileServer: Default base='/tmp/jeanne/learning-go/tmp'
2020-08-07 20:14:48,563 INFO o.a.j.s.FileServer: Set new base='/tmp/jeanne'
2020-08-07 20:14:48,868 INFO o.a.j.s.SaveService: Testplan (JMX) version: 2.2. Testlog (JTL) version: 2.2
2020-08-07 20:14:48,901 INFO o.a.j.s.SaveService: Using SaveService properties version 5.0
2020-08-07 20:14:48,905 INFO o.a.j.s.SaveService: Using SaveService properties file encoding UTF-8
2020-08-07 20:14:48,942 INFO o.a.j.s.SaveService: Loading file: /tmp/jeanne/b.jmx
2020-08-07 20:14:49,044 INFO o.a.j.p.h.s.HTTPSamplerBase: Parser for text/html is org.apache.jmeter.protocol.http.parser.LagartoBasedHtmlParser
2020-08-07 20:14:49,045 INFO o.a.j.p.h.s.HTTPSamplerBase: Parser for application/xhtml+xml is org.apache.jmeter.protocol.http.parser.LagartoBasedHtmlParser
2020-08-07 20:14:49,045 INFO o.a.j.p.h.s.HTTPSamplerBase: Parser for application/xml is org.apache.jmeter.protocol.http.parser.LagartoBasedHtmlParser
2020-08-07 20:14:49,045 INFO o.a.j.p.h.s.HTTPSamplerBase: Parser for text/xml is org.apache.jmeter.protocol.http.parser.LagartoBasedHtmlParser
2020-08-07 20:14:49,045 INFO o.a.j.p.h.s.HTTPSamplerBase: Parser for text/vnd.wap.wml is org.apache.jmeter.protocol.http.parser.RegexpHTMLParser
2020-08-07 20:14:49,045 INFO o.a.j.p.h.s.HTTPSamplerBase: Parser for text/css is org.apache.jmeter.protocol.http.parser.CssParser
2020-08-07 20:14:49,364 INFO o.a.j.JMeter: Creating summariser <summary>
2020-08-07 20:14:49,386 INFO o.a.j.e.StandardJMeterEngine: Running the test!
2020-08-07 20:14:49,391 INFO o.a.j.s.SampleEvent: List of sample_variables: []
2020-08-07 20:14:49,392 INFO o.a.j.s.SampleEvent: List of sample_variables: []
2020-08-07 20:14:49,464 INFO o.a.j.e.u.CompoundVariable: Note: Function class names must contain the string: '.functions.'
2020-08-07 20:14:49,465 INFO o.a.j.e.u.CompoundVariable: Note: Function class names must not contain the string: '.gui.'
2020-08-07 20:14:50,012 INFO o.a.j.JMeter: Running test (1596802490012)
2020-08-07 20:14:50,055 INFO o.a.j.e.StandardJMeterEngine: Starting ThreadGroup: 1 : Peppa Pig Live
2020-08-07 20:14:50,055 INFO o.a.j.e.StandardJMeterEngine: Starting 100 threads for group Peppa Pig Live.
2020-08-07 20:14:50,055 INFO o.a.j.e.StandardJMeterEngine: Thread will continue on error
2020-08-07 20:14:50,056 INFO o.a.j.t.ThreadGroup: Starting thread group... number=1 threads=100 ramp-up=3 delayedStart=false
2020-08-07 20:14:50,391 INFO o.a.j.t.JMeterThread: Thread started: Peppa Pig Live 1-1
2020-08-07 20:14:50,393 INFO o.a.j.s.FileServer: Stored: pig.csv Alias: pig.csv@919588843
2020-08-07 20:14:50,441 INFO o.a.j.t.JMeterThread: Thread started: Peppa Pig Live 1-3
2020-08-07 20:14:50,453 INFO o.a.j.s.FileServer: Stored: pig.csv Alias: pig.csv@934194103
2020-08-07 20:14:50,485 INFO o.a.j.t.ThreadGroup: Started thread group number 1
2020-08-07 20:14:50,485 INFO o.a.j.e.StandardJMeterEngine: All thread groups have been started
2020-08-07 20:14:50,546 INFO o.a.j.p.h.s.HTTPHCAbstractImpl: Local host = t37-64748bbb6-lpm4r
2020-08-07 20:14:50,554 INFO o.a.j.p.h.s.HTTPHC4Impl: HTTP request retry count = 0
2020-08-07 20:14:50,558 INFO o.a.j.s.SampleResult: Note: Sample TimeStamps are START times
2020-08-07 20:14:50,559 INFO o.a.j.s.SampleResult: sampleresult.default.encoding is set to ISO-8859-1
2020-08-07 20:14:50,559 INFO o.a.j.s.SampleResult: sampleresult.useNanoTime=true
2020-08-07 20:14:50,559 INFO o.a.j.s.SampleResult: sampleresult.nanoThreadSleep=5000
2020-08-07 20:14:50,613 INFO o.a.j.t.JMeterThread: Thread started: Peppa Pig Live 1-2
2020-08-07 20:14:50,614 INFO o.a.j.s.FileServer: Stored: pig.csv Alias: pig.csv@251869657
2020-08-07 20:14:50,667 INFO o.a.j.t.JMeterThread: Thread started: Peppa Pig Live 1-5
2020-08-07 20:14:50,668 INFO o.a.j.s.FileServer: Stored: pig.csv Alias: pig.csv@1195575973
2020-08-07 20:14:50,679 INFO o.a.j.t.JMeterThread: Thread started: Peppa Pig Live 1-4
2020-08-07 20:14:50,680 INFO o.a.j.s.FileServer: Stored: pig.csv Alias: pig.csv@875804531
2020-08-07 20:14:50,693 INFO o.a.j.t.JMeterThread: Thread started: Peppa Pig Live 1-6
2020-08-07 20:14:50,694 INFO o.a.j.s.FileServer: Stored: pig.csv Alias: pig.csv@489923264
2020-08-07 20:14:50,714 INFO o.a.j.p.h.s.h.LazyLayeredConnectionSocketFactory: Setting up HTTPS TrustAll Socket Factory
2020-08-07 20:14:50,744 INFO o.a.j.u.JsseSSLManager: Using default SSL protocol: TLS
2020-08-07 20:14:50,745 INFO o.a.j.u.JsseSSLManager: SSL session context: per-thread
2020-08-07 20:14:50,777 INFO o.a.j.t.JMeterThread: Thread started: Peppa Pig Live 1-9
2020-08-07 20:14:50,777 INFO o.a.j.s.FileServer: Stored: pig.csv Alias: pig.csv@1517426959
2020-08-07 20:14:50,783 INFO o.a.j.t.JMeterThread: Thread started: Peppa Pig Live 1-12
2020-08-07 20:14:50,783 INFO o.a.j.s.FileServer: Stored: pig.csv Alias: pig.csv@1671306944
2020-08-07 20:14:50,807 INFO o.a.j.t.JMeterThread: Thread started: Peppa Pig Live 1-8
2020-08-07 20:14:50,808 INFO o.a.j.s.FileServer: Stored: pig.csv Alias: pig.csv@916111815
2020-08-07 20:14:50,811 INFO o.a.j.t.JMeterThread: Thread started: Peppa Pig Live 1-7
2020-08-07 20:14:50,812 INFO o.a.j.s.FileServer: Stored: pig.csv Alias: pig.csv@1418135143
2020-08-07 20:14:50,843 INFO o.a.j.t.JMeterThread: Thread started: Peppa Pig Live 1-14
2020-08-07 20:14:50,844 INFO o.a.j.s.FileServer: Stored: pig.csv Alias: pig.csv@1854348989
2020-08-07 20:14:50,852 INFO o.a.j.u.SSLManager: JmeterKeyStore Location:  type JKS
2020-08-07 20:14:50,856 INFO o.a.j.u.SSLManager: KeyStore created OK
2020-08-07 20:14:50,856 WARN o.a.j.u.SSLManager: Keystore file not found, loading empty keystore
2020-08-07 20:14:50,883 INFO o.a.j.t.JMeterThread: Thread started: Peppa Pig Live 1-11
2020-08-07 20:14:50,884 INFO o.a.j.s.FileServer: Stored: pig.csv Alias: pig.csv@1926682570
2020-08-07 20:14:50,887 INFO o.a.j.t.JMeterThread: Thread started: Peppa Pig Live 1-13
2020-08-07 20:14:50,888 INFO o.a.j.s.FileServer: Stored: pig.csv Alias: pig.csv@1117163512
2020-08-07 20:14:50,891 INFO o.a.j.t.JMeterThread: Thread started: Peppa Pig Live 1-10
2020-08-07 20:14:50,891 INFO o.a.j.s.FileServer: Stored: pig.csv Alias: pig.csv@1681242875
2020-08-07 20:14:50,941 INFO o.a.j.t.JMeterThread: Thread started: Peppa Pig Live 1-15
2020-08-07 20:14:50,942 INFO o.a.j.s.FileServer: Stored: pig.csv Alias: pig.csv@392711003
2020-08-07 20:14:50,993 INFO o.a.j.t.JMeterThread: Thread started: Peppa Pig Live 1-16
2020-08-07 20:14:50,993 INFO o.a.j.s.FileServer: Stored: pig.csv Alias: pig.csv@1098339403
2020-08-07 20:14:51,041 INFO o.a.j.t.JMeterThread: Thread started: Peppa Pig Live 1-17
2020-08-07 20:14:51,041 INFO o.a.j.t.JMeterThread: Thread started: Peppa Pig Live 1-22
2020-08-07 20:14:51,042 INFO o.a.j.s.FileServer: Stored: pig.csv Alias: pig.csv@1001592071
2020-08-07 20:14:51,048 INFO o.a.j.s.FileServer: Stored: pig.csv Alias: pig.csv@387101100
2020-08-07 20:14:51,079 INFO o.a.j.t.JMeterThread: Thread started: Peppa Pig Live 1-18
2020-08-07 20:14:51,079 INFO o.a.j.s.FileServer: Stored: pig.csv Alias: pig.csv@1575144555
2020-08-07 20:14:51,092 INFO o.a.j.t.JMeterThread: Thread started: Peppa Pig Live 1-19
2020-08-07 20:14:51,092 INFO o.a.j.s.FileServer: Stored: pig.csv Alias: pig.csv@236233797
2020-08-07 20:14:51,146 INFO o.a.j.t.JMeterThread: Thread started: Peppa Pig Live 1-20
2020-08-07 20:14:51,146 INFO o.a.j.t.JMeterThread: Thread started: Peppa Pig Live 1-21
2020-08-07 20:14:51,146 INFO o.a.j.s.FileServer: Stored: pig.csv Alias: pig.csv@1983990345
2020-08-07 20:14:51,147 INFO o.a.j.s.FileServer: Stored: pig.csv Alias: pig.csv@1276237156
2020-08-07 20:14:51,179 INFO o.a.j.t.JMeterThread: Thread started: Peppa Pig Live 1-23
2020-08-07 20:14:51,179 INFO o.a.j.s.FileServer: Stored: pig.csv Alias: pig.csv@797371428
2020-08-07 20:14:51,241 INFO o.a.j.t.JMeterThread: Thread started: Peppa Pig Live 1-24
2020-08-07 20:14:51,242 INFO o.a.j.s.FileServer: Stored: pig.csv Alias: pig.csv@576845611
2020-08-07 20:14:51,258 INFO o.a.j.t.JMeterThread: Thread started: Peppa Pig Live 1-26
2020-08-07 20:14:51,259 INFO o.a.j.s.FileServer: Stored: pig.csv Alias: pig.csv@884709870
2020-08-07 20:14:51,273 INFO o.a.j.t.JMeterThread: Thread started: Peppa Pig Live 1-25
2020-08-07 20:14:51,274 INFO o.a.j.s.FileServer: Stored: pig.csv Alias: pig.csv@663872059
2020-08-07 20:14:51,341 INFO o.a.j.t.JMeterThread: Thread started: Peppa Pig Live 1-27
2020-08-07 20:14:51,341 INFO o.a.j.t.JMeterThread: Thread started: Peppa Pig Live 1-32
2020-08-07 20:14:51,342 INFO o.a.j.s.FileServer: Stored: pig.csv Alias: pig.csv@1925853461
2020-08-07 20:14:51,342 INFO o.a.j.s.FileServer: Stored: pig.csv Alias: pig.csv@64076346
2020-08-07 20:14:51,385 INFO o.a.j.t.JMeterThread: Thread started: Peppa Pig Live 1-28
2020-08-07 20:14:51,386 INFO o.a.j.s.FileServer: Stored: pig.csv Alias: pig.csv@77904280
2020-08-07 20:14:51,402 INFO o.a.j.t.JMeterThread: Thread started: Peppa Pig Live 1-30
2020-08-07 20:14:51,403 INFO o.a.j.s.FileServer: Stored: pig.csv Alias: pig.csv@1056011083
2020-08-07 20:14:51,442 INFO o.a.j.t.JMeterThread: Thread started: Peppa Pig Live 1-29
2020-08-07 20:14:51,442 INFO o.a.j.s.FileServer: Stored: pig.csv Alias: pig.csv@222451662
2020-08-07 20:14:51,450 INFO o.a.j.t.JMeterThread: Thread started: Peppa Pig Live 1-33
2020-08-07 20:14:51,451 INFO o.a.j.s.FileServer: Stored: pig.csv Alias: pig.csv@1280225955
2020-08-07 20:14:51,468 INFO o.a.j.t.JMeterThread: Thread started: Peppa Pig Live 1-37
2020-08-07 20:14:51,469 INFO o.a.j.s.FileServer: Stored: pig.csv Alias: pig.csv@825133889
2020-08-07 20:14:51,473 INFO o.a.j.t.JMeterThread: Thread started: Peppa Pig Live 1-31
2020-08-07 20:14:51,474 INFO o.a.j.s.FileServer: Stored: pig.csv Alias: pig.csv@952906880
2020-08-07 20:14:51,483 INFO o.a.j.t.JMeterThread: Thread started: Peppa Pig Live 1-34
2020-08-07 20:14:51,484 INFO o.a.j.s.FileServer: Stored: pig.csv Alias: pig.csv@1897951463
2020-08-07 20:14:51,541 INFO o.a.j.t.JMeterThread: Thread started: Peppa Pig Live 1-36
2020-08-07 20:14:51,542 INFO o.a.j.s.FileServer: Stored: pig.csv Alias: pig.csv@1268721087
2020-08-07 20:14:51,543 INFO o.a.j.t.JMeterThread: Thread started: Peppa Pig Live 1-35
2020-08-07 20:14:51,544 INFO o.a.j.s.FileServer: Stored: pig.csv Alias: pig.csv@1500771223
2020-08-07 20:14:51,564 INFO o.a.j.t.JMeterThread: Thread started: Peppa Pig Live 1-38
2020-08-07 20:14:51,564 INFO o.a.j.s.FileServer: Stored: pig.csv Alias: pig.csv@292966761
2020-08-07 20:14:51,641 INFO o.a.j.t.JMeterThread: Thread started: Peppa Pig Live 1-39
2020-08-07 20:14:51,642 INFO o.a.j.s.FileServer: Stored: pig.csv Alias: pig.csv@2074887171
2020-08-07 20:14:51,644 INFO o.a.j.t.JMeterThread: Thread started: Peppa Pig Live 1-41
2020-08-07 20:14:51,645 INFO o.a.j.s.FileServer: Stored: pig.csv Alias: pig.csv@865242320
2020-08-07 20:14:51,692 INFO o.a.j.t.JMeterThread: Thread started: Peppa Pig Live 1-51
2020-08-07 20:14:51,692 INFO o.a.j.s.FileServer: Stored: pig.csv Alias: pig.csv@531851257
2020-08-07 20:14:51,696 INFO o.a.j.t.JMeterThread: Thread started: Peppa Pig Live 1-40
2020-08-07 20:14:51,696 INFO o.a.j.s.FileServer: Stored: pig.csv Alias: pig.csv@1613180174
2020-08-07 20:14:51,718 INFO o.a.j.t.JMeterThread: Thread started: Peppa Pig Live 1-42
2020-08-07 20:14:51,718 INFO o.a.j.s.FileServer: Stored: pig.csv Alias: pig.csv@1031925219
2020-08-07 20:14:51,741 INFO o.a.j.t.JMeterThread: Thread started: Peppa Pig Live 1-43
2020-08-07 20:14:51,743 INFO o.a.j.s.FileServer: Stored: pig.csv Alias: pig.csv@132702177
2020-08-07 20:14:51,771 INFO o.a.j.t.JMeterThread: Thread started: Peppa Pig Live 1-48
2020-08-07 20:14:51,771 INFO o.a.j.s.FileServer: Stored: pig.csv Alias: pig.csv@1301975079
2020-08-07 20:14:51,777 INFO o.a.j.t.JMeterThread: Thread started: Peppa Pig Live 1-44
2020-08-07 20:14:51,777 INFO o.a.j.s.FileServer: Stored: pig.csv Alias: pig.csv@1735454092
2020-08-07 20:14:51,783 INFO o.a.j.t.JMeterThread: Thread started: Peppa Pig Live 1-54
2020-08-07 20:14:51,784 INFO o.a.j.s.FileServer: Stored: pig.csv Alias: pig.csv@886404557
2020-08-07 20:14:51,791 INFO o.a.j.t.JMeterThread: Thread started: Peppa Pig Live 1-46
2020-08-07 20:14:51,792 INFO o.a.j.s.FileServer: Stored: pig.csv Alias: pig.csv@1946717435
2020-08-07 20:14:51,794 INFO o.a.j.t.JMeterThread: Thread started: Peppa Pig Live 1-45
2020-08-07 20:14:51,794 INFO o.a.j.s.FileServer: Stored: pig.csv Alias: pig.csv@458526358
2020-08-07 20:14:51,810 INFO o.a.j.t.JMeterThread: Thread started: Peppa Pig Live 1-49
2020-08-07 20:14:51,810 INFO o.a.j.s.FileServer: Stored: pig.csv Alias: pig.csv@1195825669
2020-08-07 20:14:51,841 INFO o.a.j.t.JMeterThread: Thread started: Peppa Pig Live 1-47
2020-08-07 20:14:51,842 INFO o.a.j.s.FileServer: Stored: pig.csv Alias: pig.csv@226103612
2020-08-07 20:14:51,842 INFO o.a.j.t.JMeterThread: Thread started: Peppa Pig Live 1-53
2020-08-07 20:14:51,842 INFO o.a.j.s.FileServer: Stored: pig.csv Alias: pig.csv@1330839870
2020-08-07 20:14:51,844 INFO o.a.j.t.JMeterThread: Thread started: Peppa Pig Live 1-56
2020-08-07 20:14:51,844 INFO o.a.j.s.FileServer: Stored: pig.csv Alias: pig.csv@583502820
2020-08-07 20:14:51,885 INFO o.a.j.t.JMeterThread: Thread started: Peppa Pig Live 1-52
2020-08-07 20:14:51,885 INFO o.a.j.s.FileServer: Stored: pig.csv Alias: pig.csv@56491563
2020-08-07 20:14:51,888 INFO o.a.j.t.JMeterThread: Thread started: Peppa Pig Live 1-50
2020-08-07 20:14:51,889 INFO o.a.j.s.FileServer: Stored: pig.csv Alias: pig.csv@168116006
2020-08-07 20:14:52,018 INFO o.a.j.t.JMeterThread: Thread started: Peppa Pig Live 1-57
2020-08-07 20:14:52,018 INFO o.a.j.s.FileServer: Stored: pig.csv Alias: pig.csv@334007025
2020-08-07 20:14:52,040 INFO o.a.j.t.JMeterThread: Thread started: Peppa Pig Live 1-62
2020-08-07 20:14:52,041 INFO o.a.j.s.FileServer: Stored: pig.csv Alias: pig.csv@366477496
2020-08-07 20:14:52,047 INFO o.a.j.t.JMeterThread: Thread started: Peppa Pig Live 1-64
2020-08-07 20:14:52,047 INFO o.a.j.s.FileServer: Stored: pig.csv Alias: pig.csv@1165041015
2020-08-07 20:14:52,059 INFO o.a.j.t.JMeterThread: Thread started: Peppa Pig Live 1-55
2020-08-07 20:14:52,059 INFO o.a.j.s.FileServer: Stored: pig.csv Alias: pig.csv@82254478
2020-08-07 20:14:52,073 INFO o.a.j.t.JMeterThread: Thread started: Peppa Pig Live 1-65
2020-08-07 20:14:52,074 INFO o.a.j.s.FileServer: Stored: pig.csv Alias: pig.csv@113038027
2020-08-07 20:14:52,078 INFO o.a.j.t.JMeterThread: Thread started: Peppa Pig Live 1-58
2020-08-07 20:14:52,079 INFO o.a.j.s.FileServer: Stored: pig.csv Alias: pig.csv@227052718
2020-08-07 20:14:52,094 INFO o.a.j.t.JMeterThread: Thread started: Peppa Pig Live 1-66
2020-08-07 20:14:52,095 INFO o.a.j.s.FileServer: Stored: pig.csv Alias: pig.csv@1791263792
2020-08-07 20:14:52,109 INFO o.a.j.t.JMeterThread: Thread started: Peppa Pig Live 1-59
2020-08-07 20:14:52,109 INFO o.a.j.s.FileServer: Stored: pig.csv Alias: pig.csv@946578801
2020-08-07 20:14:52,143 INFO o.a.j.t.JMeterThread: Thread started: Peppa Pig Live 1-67
2020-08-07 20:14:52,143 INFO o.a.j.t.JMeterThread: Thread started: Peppa Pig Live 1-61
2020-08-07 20:14:52,143 INFO o.a.j.s.FileServer: Stored: pig.csv Alias: pig.csv@1614484525
2020-08-07 20:14:52,144 INFO o.a.j.t.JMeterThread: Thread started: Peppa Pig Live 1-69
2020-08-07 20:14:52,145 INFO o.a.j.s.FileServer: Stored: pig.csv Alias: pig.csv@17686912
2020-08-07 20:14:52,147 INFO o.a.j.s.FileServer: Stored: pig.csv Alias: pig.csv@1216987474
2020-08-07 20:14:52,151 INFO o.a.j.t.JMeterThread: Thread started: Peppa Pig Live 1-68
2020-08-07 20:14:52,151 INFO o.a.j.s.FileServer: Stored: pig.csv Alias: pig.csv@1327790122
2020-08-07 20:14:52,180 INFO o.a.j.t.JMeterThread: Thread started: Peppa Pig Live 1-63
2020-08-07 20:14:52,180 INFO o.a.j.s.FileServer: Stored: pig.csv Alias: pig.csv@435035537
2020-08-07 20:14:52,189 INFO o.a.j.t.JMeterThread: Thread started: Peppa Pig Live 1-60
2020-08-07 20:14:52,190 INFO o.a.j.s.FileServer: Stored: pig.csv Alias: pig.csv@1696534487
2020-08-07 20:14:52,199 INFO o.a.j.t.JMeterThread: Thread started: Peppa Pig Live 1-71
2020-08-07 20:14:52,199 INFO o.a.j.s.FileServer: Stored: pig.csv Alias: pig.csv@241852885
2020-08-07 20:14:52,230 INFO o.a.j.t.JMeterThread: Thread started: Peppa Pig Live 1-72
2020-08-07 20:14:52,231 INFO o.a.j.s.FileServer: Stored: pig.csv Alias: pig.csv@1046945335
2020-08-07 20:14:52,280 INFO o.a.j.t.JMeterThread: Thread started: Peppa Pig Live 1-74
2020-08-07 20:14:52,281 INFO o.a.j.s.FileServer: Stored: pig.csv Alias: pig.csv@2132320383
2020-08-07 20:14:52,338 INFO o.a.j.t.JMeterThread: Thread started: Peppa Pig Live 1-70
2020-08-07 20:14:52,339 INFO o.a.j.s.FileServer: Stored: pig.csv Alias: pig.csv@82469640
2020-08-07 20:14:52,420 INFO o.a.j.t.JMeterThread: Thread started: Peppa Pig Live 1-73
2020-08-07 20:14:52,421 INFO o.a.j.s.FileServer: Stored: pig.csv Alias: pig.csv@147868113
2020-08-07 20:14:52,475 INFO o.a.j.t.JMeterThread: Thread started: Peppa Pig Live 1-75
2020-08-07 20:14:52,475 INFO o.a.j.s.FileServer: Stored: pig.csv Alias: pig.csv@1307160001
2020-08-07 20:14:52,493 INFO o.a.j.t.JMeterThread: Thread started: Peppa Pig Live 1-78
2020-08-07 20:14:52,493 INFO o.a.j.s.FileServer: Stored: pig.csv Alias: pig.csv@1058370220
2020-08-07 20:14:52,500 INFO o.a.j.t.JMeterThread: Thread started: Peppa Pig Live 1-76
2020-08-07 20:14:52,501 INFO o.a.j.s.FileServer: Stored: pig.csv Alias: pig.csv@1533812555
2020-08-07 20:14:52,521 INFO o.a.j.t.JMeterThread: Thread started: Peppa Pig Live 1-79
2020-08-07 20:14:52,522 INFO o.a.j.s.FileServer: Stored: pig.csv Alias: pig.csv@625493943
2020-08-07 20:14:52,567 INFO o.a.j.t.JMeterThread: Thread started: Peppa Pig Live 1-77
2020-08-07 20:14:52,568 INFO o.a.j.s.FileServer: Stored: pig.csv Alias: pig.csv@1732316748
2020-08-07 20:14:52,602 INFO o.a.j.t.JMeterThread: Thread started: Peppa Pig Live 1-80
2020-08-07 20:14:52,602 INFO o.a.j.s.FileServer: Stored: pig.csv Alias: pig.csv@234517793
2020-08-07 20:14:52,624 INFO o.a.j.t.JMeterThread: Thread started: Peppa Pig Live 1-81
2020-08-07 20:14:52,625 INFO o.a.j.s.FileServer: Stored: pig.csv Alias: pig.csv@1992962574
2020-08-07 20:14:52,641 INFO o.a.j.t.JMeterThread: Thread started: Peppa Pig Live 1-82
2020-08-07 20:14:52,642 INFO o.a.j.s.FileServer: Stored: pig.csv Alias: pig.csv@637533897
2020-08-07 20:14:52,663 INFO o.a.j.t.JMeterThread: Thread started: Peppa Pig Live 1-83
2020-08-07 20:14:52,664 INFO o.a.j.s.FileServer: Stored: pig.csv Alias: pig.csv@492220186
2020-08-07 20:14:52,693 INFO o.a.j.t.JMeterThread: Thread started: Peppa Pig Live 1-84
2020-08-07 20:14:52,693 INFO o.a.j.s.FileServer: Stored: pig.csv Alias: pig.csv@1016433157
2020-08-07 20:14:52,713 INFO o.a.j.t.JMeterThread: Thread started: Peppa Pig Live 1-86
2020-08-07 20:14:52,713 INFO o.a.j.s.FileServer: Stored: pig.csv Alias: pig.csv@1408494400
2020-08-07 20:14:52,714 INFO o.a.j.t.JMeterThread: Thread started: Peppa Pig Live 1-85
2020-08-07 20:14:52,715 INFO o.a.j.s.FileServer: Stored: pig.csv Alias: pig.csv@660281704
2020-08-07 20:14:52,736 INFO o.a.j.t.JMeterThread: Thread started: Peppa Pig Live 1-87
2020-08-07 20:14:52,737 INFO o.a.j.s.FileServer: Stored: pig.csv Alias: pig.csv@229254623
2020-08-07 20:14:52,765 INFO o.a.j.t.JMeterThread: Thread started: Peppa Pig Live 1-88
2020-08-07 20:14:52,766 INFO o.a.j.s.FileServer: Stored: pig.csv Alias: pig.csv@511287697
2020-08-07 20:14:52,795 INFO o.a.j.t.JMeterThread: Thread started: Peppa Pig Live 1-89
2020-08-07 20:14:52,795 INFO o.a.j.s.FileServer: Stored: pig.csv Alias: pig.csv@142339872
2020-08-07 20:14:52,815 INFO o.a.j.t.JMeterThread: Thread started: Peppa Pig Live 1-91
2020-08-07 20:14:52,816 INFO o.a.j.s.FileServer: Stored: pig.csv Alias: pig.csv@1956633278
2020-08-07 20:14:52,822 INFO o.a.j.t.JMeterThread: Thread started: Peppa Pig Live 1-90
2020-08-07 20:14:52,822 INFO o.a.j.s.FileServer: Stored: pig.csv Alias: pig.csv@1305206418
2020-08-07 20:14:52,841 INFO o.a.j.t.JMeterThread: Thread started: Peppa Pig Live 1-92
2020-08-07 20:14:52,842 INFO o.a.j.s.FileServer: Stored: pig.csv Alias: pig.csv@1460243417
2020-08-07 20:14:52,865 INFO o.a.j.t.JMeterThread: Thread started: Peppa Pig Live 1-93
2020-08-07 20:14:52,866 INFO o.a.j.s.FileServer: Stored: pig.csv Alias: pig.csv@1151913161
2020-08-07 20:14:52,895 INFO o.a.j.t.JMeterThread: Thread started: Peppa Pig Live 1-94
2020-08-07 20:14:52,895 INFO o.a.j.s.FileServer: Stored: pig.csv Alias: pig.csv@1815829011
2020-08-07 20:14:52,925 INFO o.a.j.t.JMeterThread: Thread started: Peppa Pig Live 1-95
2020-08-07 20:14:52,925 INFO o.a.j.s.FileServer: Stored: pig.csv Alias: pig.csv@2028128075
2020-08-07 20:14:52,958 INFO o.a.j.t.JMeterThread: Thread started: Peppa Pig Live 1-96
2020-08-07 20:14:52,959 INFO o.a.j.s.FileServer: Stored: pig.csv Alias: pig.csv@615429172
2020-08-07 20:14:52,986 INFO o.a.j.t.JMeterThread: Thread started: Peppa Pig Live 1-97
2020-08-07 20:14:52,986 INFO o.a.j.s.FileServer: Stored: pig.csv Alias: pig.csv@1205555680
2020-08-07 20:14:53,012 INFO o.a.j.t.JMeterThread: Thread started: Peppa Pig Live 1-98
2020-08-07 20:14:53,012 INFO o.a.j.s.FileServer: Stored: pig.csv Alias: pig.csv@316656436
2020-08-07 20:14:53,022 INFO o.a.j.t.JMeterThread: Thread started: Peppa Pig Live 1-99
2020-08-07 20:14:53,023 INFO o.a.j.s.FileServer: Stored: pig.csv Alias: pig.csv@439004662
2020-08-07 20:14:53,033 INFO o.a.j.t.JMeterThread: Thread started: Peppa Pig Live 1-100
2020-08-07 20:14:53,033 INFO o.a.j.s.FileServer: Stored: pig.csv Alias: pig.csv@1830711288
2020-08-07 20:15:00,029 INFO o.a.j.r.Summariser: summary +    424 in 00:00:10 =   42.3/s Avg:  1490 Min:    24 Max:  5508 Err:     0 (0.00%) Active: 100 Started: 100 Finished: 0
2020-08-07 20:15:30,013 INFO o.a.j.r.Summariser: summary +    786 in 00:00:30 =   26.2/s Avg:  3819 Min:    47 Max: 12003 Err:    26 (3.31%) Active: 100 Started: 100 Finished: 0
2020-08-07 20:15:30,014 INFO o.a.j.r.Summariser: summary =   1210 in 00:00:40 =   30.2/s Avg:  3003 Min:    24 Max: 12003 Err:    26 (2.15%)
2020-08-07 20:16:00,080 INFO o.a.j.r.Summariser: summary +    699 in 00:00:30 =   23.2/s Avg:  3997 Min:    26 Max: 12005 Err:    33 (4.72%) Active: 100 Started: 100 Finished: 0
2020-08-07 20:16:00,080 INFO o.a.j.r.Summariser: summary =   1909 in 00:01:10 =   27.2/s Avg:  3367 Min:    24 Max: 12005 Err:    59 (3.09%)
2020-08-07 20:16:30,158 INFO o.a.j.r.Summariser: summary +    627 in 00:00:30 =   20.8/s Avg:  4591 Min:    21 Max: 12038 Err:    40 (6.38%) Active: 100 Started: 100 Finished: 0
2020-08-07 20:16:30,158 INFO o.a.j.r.Summariser: summary =   2536 in 00:01:40 =   25.3/s Avg:  3670 Min:    21 Max: 12038 Err:    99 (3.90%)
2020-08-07 20:17:00,120 INFO o.a.j.r.Summariser: summary +    444 in 00:00:30 =   14.8/s Avg:  6473 Min:    16 Max: 12010 Err:   194 (43.69%) Active: 100 Started: 100 Finished: 0
2020-08-07 20:17:00,121 INFO o.a.j.r.Summariser: summary =   2980 in 00:02:10 =   22.9/s Avg:  4087 Min:    16 Max: 12038 Err:   293 (9.83%)
2020-08-07 20:17:30,095 INFO o.a.j.r.Summariser: summary +    307 in 00:00:30 =   10.2/s Avg:  9992 Min:    17 Max: 12213 Err:   258 (84.04%) Active: 100 Started: 100 Finished: 0
2020-08-07 20:17:30,095 INFO o.a.j.r.Summariser: summary =   3287 in 00:02:40 =   20.5/s Avg:  4639 Min:    16 Max: 12213 Err:   551 (16.76%)
2020-08-07 20:18:00,084 INFO o.a.j.r.Summariser: summary +    364 in 00:00:30 =   12.1/s Avg:  8247 Min:    18 Max: 12026 Err:   284 (78.02%) Active: 100 Started: 100 Finished: 0
2020-08-07 20:18:00,084 INFO o.a.j.r.Summariser: summary =   3651 in 00:03:10 =   19.2/s Avg:  4999 Min:    16 Max: 12213 Err:   835 (22.87%)
2020-08-07 20:18:30,027 INFO o.a.j.r.Summariser: summary +    383 in 00:00:30 =   12.8/s Avg:  7485 Min:    18 Max: 12014 Err:   277 (72.32%) Active: 100 Started: 100 Finished: 0
2020-08-07 20:18:30,027 INFO o.a.j.r.Summariser: summary =   4034 in 00:03:40 =   18.3/s Avg:  5235 Min:    16 Max: 12213 Err:  1112 (27.57%)
2020-08-07 20:19:00,094 INFO o.a.j.r.Summariser: summary +    335 in 00:00:30 =   11.1/s Avg:  9399 Min:    18 Max: 12046 Err:   283 (84.48%) Active: 100 Started: 100 Finished: 0
2020-08-07 20:19:00,094 INFO o.a.j.r.Summariser: summary =   4369 in 00:04:10 =   17.5/s Avg:  5554 Min:    16 Max: 12213 Err:  1395 (31.93%)
2020-08-07 20:19:30,311 INFO o.a.j.r.Summariser: summary +    411 in 00:00:30 =   13.6/s Avg:  7068 Min:    16 Max: 12007 Err:   287 (69.83%) Active: 100 Started: 100 Finished: 0
2020-08-07 20:19:30,311 INFO o.a.j.r.Summariser: summary =   4780 in 00:04:40 =   17.1/s Avg:  5684 Min:    16 Max: 12213 Err:  1682 (35.19%)
2020-08-07 20:20:00,215 INFO o.a.j.r.Summariser: summary +    308 in 00:00:30 =   10.3/s Avg:  9997 Min:    19 Max: 12005 Err:   270 (87.66%) Active: 100 Started: 100 Finished: 0
2020-08-07 20:20:00,216 INFO o.a.j.r.Summariser: summary =   5088 in 00:05:10 =   16.4/s Avg:  5945 Min:    16 Max: 12213 Err:  1952 (38.36%)
2020-08-07 20:20:30,034 INFO o.a.j.r.Summariser: summary +    365 in 00:00:30 =   12.2/s Avg:  8197 Min:    16 Max: 12020 Err:   283 (77.53%) Active: 100 Started: 100 Finished: 0
2020-08-07 20:20:30,034 INFO o.a.j.r.Summariser: summary =   5453 in 00:05:40 =   16.0/s Avg:  6096 Min:    16 Max: 12213 Err:  2235 (40.99%)
2020-08-07 20:21:00,006 INFO o.a.j.r.Summariser: summary +    384 in 00:00:30 =   12.8/s Avg:  7555 Min:    16 Max: 12004 Err:   280 (72.92%) Active: 100 Started: 100 Finished: 0
2020-08-07 20:21:00,006 INFO o.a.j.r.Summariser: summary =   5837 in 00:06:10 =   15.8/s Avg:  6192 Min:    16 Max: 12213 Err:  2515 (43.09%)
2020-08-07 20:21:30,045 INFO o.a.j.r.Summariser: summary +    334 in 00:00:30 =   11.1/s Avg:  9393 Min:    17 Max: 12209 Err:   282 (84.43%) Active: 100 Started: 100 Finished: 0
2020-08-07 20:21:30,045 INFO o.a.j.r.Summariser: summary =   6171 in 00:06:40 =   15.4/s Avg:  6365 Min:    16 Max: 12213 Err:  2797 (45.32%)
2020-08-07 20:22:00,137 INFO o.a.j.r.Summariser: summary +    409 in 00:00:30 =   13.6/s Avg:  7047 Min:    18 Max: 12012 Err:   285 (69.68%) Active: 100 Started: 100 Finished: 0
2020-08-07 20:22:00,137 INFO o.a.j.r.Summariser: summary =   6580 in 00:07:10 =   15.3/s Avg:  6407 Min:    16 Max: 12213 Err:  3082 (46.84%)
2020-08-07 20:22:30,223 INFO o.a.j.r.Summariser: summary +    309 in 00:00:30 =   10.3/s Avg: 10004 Min:    16 Max: 12007 Err:   271 (87.70%) Active: 100 Started: 100 Finished: 0
2020-08-07 20:22:30,224 INFO o.a.j.r.Summariser: summary =   6889 in 00:07:40 =   15.0/s Avg:  6569 Min:    16 Max: 12213 Err:  3353 (48.67%)
2020-08-07 20:23:00,128 INFO o.a.j.r.Summariser: summary +    365 in 00:00:30 =   12.2/s Avg:  8167 Min:    17 Max: 12010 Err:   282 (77.26%) Active: 100 Started: 100 Finished: 0
2020-08-07 20:23:00,128 INFO o.a.j.r.Summariser: summary =   7254 in 00:08:10 =   14.8/s Avg:  6649 Min:    16 Max: 12213 Err:  3635 (50.11%)
2020-08-07 20:23:30,014 INFO o.a.j.r.Summariser: summary +    388 in 00:00:30 =   13.0/s Avg:  7622 Min:    17 Max: 12007 Err:   285 (73.45%) Active: 100 Started: 100 Finished: 0
2020-08-07 20:23:30,014 INFO o.a.j.r.Summariser: summary =   7642 in 00:08:40 =   14.7/s Avg:  6699 Min:    16 Max: 12213 Err:  3920 (51.30%)
2020-08-07 20:24:00,160 INFO o.a.j.r.Summariser: summary +    330 in 00:00:30 =   10.9/s Avg:  9363 Min:    18 Max: 12005 Err:   278 (84.24%) Active: 100 Started: 100 Finished: 0
2020-08-07 20:24:00,160 INFO o.a.j.r.Summariser: summary =   7972 in 00:09:10 =   14.5/s Avg:  6809 Min:    16 Max: 12213 Err:  4198 (52.66%)
2020-08-07 20:24:30,041 INFO o.a.j.r.Summariser: summary +    408 in 00:00:30 =   13.7/s Avg:  7030 Min:    15 Max: 12006 Err:   284 (69.61%) Active: 100 Started: 100 Finished: 0
2020-08-07 20:24:30,042 INFO o.a.j.r.Summariser: summary =   8380 in 00:09:40 =   14.4/s Avg:  6820 Min:    15 Max: 12213 Err:  4482 (53.48%)
2020-08-07 20:24:36,670 INFO o.a.j.t.JMeterThread: Thread is done: Peppa Pig Live 1-54
2020-08-07 20:24:36,670 INFO o.a.j.t.JMeterThread: Thread finished: Peppa Pig Live 1-54
2020-08-07 20:24:37,675 INFO o.a.j.t.JMeterThread: Thread is done: Peppa Pig Live 1-34
2020-08-07 20:24:37,675 INFO o.a.j.t.JMeterThread: Thread finished: Peppa Pig Live 1-34
2020-08-07 20:24:43,852 INFO o.a.j.t.JMeterThread: Thread is done: Peppa Pig Live 1-17
2020-08-07 20:24:43,853 INFO o.a.j.t.JMeterThread: Thread finished: Peppa Pig Live 1-17
2020-08-07 20:24:43,890 INFO o.a.j.t.JMeterThread: Thread is done: Peppa Pig Live 1-94
2020-08-07 20:24:43,890 INFO o.a.j.t.JMeterThread: Thread finished: Peppa Pig Live 1-94
2020-08-07 20:24:45,677 INFO o.a.j.t.JMeterThread: Thread is done: Peppa Pig Live 1-27
2020-08-07 20:24:45,677 INFO o.a.j.t.JMeterThread: Thread finished: Peppa Pig Live 1-27
2020-08-07 20:24:48,266 INFO o.a.j.t.JMeterThread: Thread is done: Peppa Pig Live 1-21
2020-08-07 20:24:48,266 INFO o.a.j.t.JMeterThread: Thread finished: Peppa Pig Live 1-21
2020-08-07 20:24:48,505 INFO o.a.j.t.JMeterThread: Thread is done: Peppa Pig Live 1-33
2020-08-07 20:24:48,505 INFO o.a.j.t.JMeterThread: Thread finished: Peppa Pig Live 1-33
2020-08-07 20:24:49,546 INFO o.a.j.t.JMeterThread: Thread is done: Peppa Pig Live 1-62
2020-08-07 20:24:49,546 INFO o.a.j.t.JMeterThread: Thread finished: Peppa Pig Live 1-62
2020-08-07 20:24:55,992 INFO o.a.j.t.JMeterThread: Thread is done: Peppa Pig Live 1-6
2020-08-07 20:24:55,992 INFO o.a.j.t.JMeterThread: Thread finished: Peppa Pig Live 1-6
2020-08-07 20:25:00,068 INFO o.a.j.r.Summariser: summary +    286 in 00:00:30 =    9.5/s Avg: 10537 Min:    16 Max: 12009 Err:   266 (93.01%) Active: 91 Started: 100 Finished: 9
2020-08-07 20:25:00,068 INFO o.a.j.r.Summariser: summary =   8666 in 00:10:10 =   14.2/s Avg:  6942 Min:    15 Max: 12213 Err:  4748 (54.79%)
2020-08-07 20:25:01,283 INFO o.a.j.t.JMeterThread: Thread is done: Peppa Pig Live 1-79
2020-08-07 20:25:01,284 INFO o.a.j.t.JMeterThread: Thread finished: Peppa Pig Live 1-79
2020-08-07 20:25:02,319 INFO o.a.j.t.JMeterThread: Thread is done: Peppa Pig Live 1-9
2020-08-07 20:25:02,319 INFO o.a.j.t.JMeterThread: Thread finished: Peppa Pig Live 1-9
2020-08-07 20:25:02,910 INFO o.a.j.t.JMeterThread: Thread is done: Peppa Pig Live 1-97
2020-08-07 20:25:02,910 INFO o.a.j.t.JMeterThread: Thread finished: Peppa Pig Live 1-97
2020-08-07 20:25:05,718 INFO o.a.j.t.JMeterThread: Thread is done: Peppa Pig Live 1-75
2020-08-07 20:25:05,718 INFO o.a.j.t.JMeterThread: Thread finished: Peppa Pig Live 1-75
2020-08-07 20:25:07,005 INFO o.a.j.t.JMeterThread: Thread is done: Peppa Pig Live 1-12
2020-08-07 20:25:07,005 INFO o.a.j.t.JMeterThread: Thread finished: Peppa Pig Live 1-12
2020-08-07 20:25:07,904 INFO o.a.j.t.JMeterThread: Thread is done: Peppa Pig Live 1-73
2020-08-07 20:25:07,904 INFO o.a.j.t.JMeterThread: Thread finished: Peppa Pig Live 1-73
2020-08-07 20:25:07,935 INFO o.a.j.t.JMeterThread: Thread is done: Peppa Pig Live 1-30
2020-08-07 20:25:07,935 INFO o.a.j.t.JMeterThread: Thread finished: Peppa Pig Live 1-30
2020-08-07 20:25:07,936 INFO o.a.j.t.JMeterThread: Thread is done: Peppa Pig Live 1-78
2020-08-07 20:25:07,936 INFO o.a.j.t.JMeterThread: Thread finished: Peppa Pig Live 1-78
2020-08-07 20:25:08,033 INFO o.a.j.t.JMeterThread: Thread is done: Peppa Pig Live 1-70
2020-08-07 20:25:08,033 INFO o.a.j.t.JMeterThread: Thread finished: Peppa Pig Live 1-70
2020-08-07 20:25:08,076 INFO o.a.j.t.JMeterThread: Thread is done: Peppa Pig Live 1-22
2020-08-07 20:25:08,076 INFO o.a.j.t.JMeterThread: Thread finished: Peppa Pig Live 1-22
2020-08-07 20:25:09,010 INFO o.a.j.t.JMeterThread: Thread is done: Peppa Pig Live 1-57
2020-08-07 20:25:09,011 INFO o.a.j.t.JMeterThread: Thread finished: Peppa Pig Live 1-57
2020-08-07 20:25:09,020 INFO o.a.j.t.JMeterThread: Thread is done: Peppa Pig Live 1-14
2020-08-07 20:25:09,020 INFO o.a.j.t.JMeterThread: Thread finished: Peppa Pig Live 1-14
2020-08-07 20:25:09,800 INFO o.a.j.t.JMeterThread: Thread is done: Peppa Pig Live 1-44
2020-08-07 20:25:09,800 INFO o.a.j.t.JMeterThread: Thread finished: Peppa Pig Live 1-44
2020-08-07 20:25:10,843 INFO o.a.j.t.JMeterThread: Thread is done: Peppa Pig Live 1-82
2020-08-07 20:25:10,843 INFO o.a.j.t.JMeterThread: Thread finished: Peppa Pig Live 1-82
2020-08-07 20:25:11,231 INFO o.a.j.t.JMeterThread: Thread is done: Peppa Pig Live 1-41
2020-08-07 20:25:11,231 INFO o.a.j.t.JMeterThread: Thread finished: Peppa Pig Live 1-41
2020-08-07 20:25:11,294 INFO o.a.j.t.JMeterThread: Thread is done: Peppa Pig Live 1-92
2020-08-07 20:25:11,294 INFO o.a.j.t.JMeterThread: Thread finished: Peppa Pig Live 1-92
2020-08-07 20:25:11,373 INFO o.a.j.t.JMeterThread: Thread is done: Peppa Pig Live 1-45
2020-08-07 20:25:11,373 INFO o.a.j.t.JMeterThread: Thread finished: Peppa Pig Live 1-45
2020-08-07 20:25:11,908 INFO o.a.j.t.JMeterThread: Thread is done: Peppa Pig Live 1-35
2020-08-07 20:25:11,909 INFO o.a.j.t.JMeterThread: Thread finished: Peppa Pig Live 1-35
2020-08-07 20:25:12,276 INFO o.a.j.t.JMeterThread: Thread is done: Peppa Pig Live 1-69
2020-08-07 20:25:12,277 INFO o.a.j.t.JMeterThread: Thread finished: Peppa Pig Live 1-69
2020-08-07 20:25:13,045 INFO o.a.j.t.JMeterThread: Thread is done: Peppa Pig Live 1-16
2020-08-07 20:25:13,046 INFO o.a.j.t.JMeterThread: Thread finished: Peppa Pig Live 1-16
2020-08-07 20:25:13,677 INFO o.a.j.t.JMeterThread: Thread is done: Peppa Pig Live 1-67
2020-08-07 20:25:13,677 INFO o.a.j.t.JMeterThread: Thread finished: Peppa Pig Live 1-67
2020-08-07 20:25:13,969 INFO o.a.j.t.JMeterThread: Thread is done: Peppa Pig Live 1-4
2020-08-07 20:25:13,969 INFO o.a.j.t.JMeterThread: Thread finished: Peppa Pig Live 1-4
2020-08-07 20:25:15,526 INFO o.a.j.t.JMeterThread: Thread is done: Peppa Pig Live 1-31
2020-08-07 20:25:15,526 INFO o.a.j.t.JMeterThread: Thread finished: Peppa Pig Live 1-31
2020-08-07 20:25:15,948 INFO o.a.j.t.JMeterThread: Thread is done: Peppa Pig Live 1-61
2020-08-07 20:25:15,948 INFO o.a.j.t.JMeterThread: Thread finished: Peppa Pig Live 1-61
2020-08-07 20:25:15,982 INFO o.a.j.t.JMeterThread: Thread is done: Peppa Pig Live 1-99
2020-08-07 20:25:15,983 INFO o.a.j.t.JMeterThread: Thread finished: Peppa Pig Live 1-99
2020-08-07 20:25:16,114 INFO o.a.j.t.JMeterThread: Thread is done: Peppa Pig Live 1-7
2020-08-07 20:25:16,114 INFO o.a.j.t.JMeterThread: Thread finished: Peppa Pig Live 1-7
2020-08-07 20:25:17,994 INFO o.a.j.t.JMeterThread: Thread is done: Peppa Pig Live 1-8
2020-08-07 20:25:17,994 INFO o.a.j.t.JMeterThread: Thread finished: Peppa Pig Live 1-8
2020-08-07 20:25:18,151 INFO o.a.j.t.JMeterThread: Thread is done: Peppa Pig Live 1-18
2020-08-07 20:25:18,151 INFO o.a.j.t.JMeterThread: Thread finished: Peppa Pig Live 1-18
2020-08-07 20:25:18,624 INFO o.a.j.t.JMeterThread: Thread is done: Peppa Pig Live 1-26
2020-08-07 20:25:18,624 INFO o.a.j.t.JMeterThread: Thread finished: Peppa Pig Live 1-26
2020-08-07 20:25:19,351 INFO o.a.j.t.JMeterThread: Thread is done: Peppa Pig Live 1-66
2020-08-07 20:25:19,351 INFO o.a.j.t.JMeterThread: Thread finished: Peppa Pig Live 1-66
2020-08-07 20:25:19,672 INFO o.a.j.t.JMeterThread: Thread is done: Peppa Pig Live 1-38
2020-08-07 20:25:19,672 INFO o.a.j.t.JMeterThread: Thread finished: Peppa Pig Live 1-38
2020-08-07 20:25:20,520 INFO o.a.j.t.JMeterThread: Thread is done: Peppa Pig Live 1-19
2020-08-07 20:25:20,520 INFO o.a.j.t.JMeterThread: Thread finished: Peppa Pig Live 1-19
2020-08-07 20:25:21,562 INFO o.a.j.t.JMeterThread: Thread is done: Peppa Pig Live 1-40
2020-08-07 20:25:21,562 INFO o.a.j.t.JMeterThread: Thread finished: Peppa Pig Live 1-40
2020-08-07 20:25:24,901 INFO o.a.j.t.JMeterThread: Thread is done: Peppa Pig Live 1-2
2020-08-07 20:25:24,902 INFO o.a.j.t.JMeterThread: Thread finished: Peppa Pig Live 1-2
2020-08-07 20:25:25,260 INFO o.a.j.t.JMeterThread: Thread is done: Peppa Pig Live 1-39
2020-08-07 20:25:25,260 INFO o.a.j.t.JMeterThread: Thread finished: Peppa Pig Live 1-39
2020-08-07 20:25:26,130 INFO o.a.j.t.JMeterThread: Thread is done: Peppa Pig Live 1-88
2020-08-07 20:25:26,131 INFO o.a.j.t.JMeterThread: Thread finished: Peppa Pig Live 1-88
2020-08-07 20:25:26,339 INFO o.a.j.t.JMeterThread: Thread is done: Peppa Pig Live 1-59
2020-08-07 20:25:26,339 INFO o.a.j.t.JMeterThread: Thread finished: Peppa Pig Live 1-59
2020-08-07 20:25:26,426 INFO o.a.j.t.JMeterThread: Thread is done: Peppa Pig Live 1-71
2020-08-07 20:25:26,426 INFO o.a.j.t.JMeterThread: Thread finished: Peppa Pig Live 1-71
2020-08-07 20:25:26,626 INFO o.a.j.t.JMeterThread: Thread is done: Peppa Pig Live 1-64
2020-08-07 20:25:26,626 INFO o.a.j.t.JMeterThread: Thread finished: Peppa Pig Live 1-64
2020-08-07 20:25:27,448 INFO o.a.j.t.JMeterThread: Thread is done: Peppa Pig Live 1-85
2020-08-07 20:25:27,448 INFO o.a.j.t.JMeterThread: Thread finished: Peppa Pig Live 1-85
2020-08-07 20:25:27,560 INFO o.a.j.t.JMeterThread: Thread is done: Peppa Pig Live 1-51
2020-08-07 20:25:27,560 INFO o.a.j.t.JMeterThread: Thread finished: Peppa Pig Live 1-51
2020-08-07 20:25:28,137 INFO o.a.j.t.JMeterThread: Thread is done: Peppa Pig Live 1-28
2020-08-07 20:25:28,137 INFO o.a.j.t.JMeterThread: Thread finished: Peppa Pig Live 1-28
2020-08-07 20:25:28,298 INFO o.a.j.t.JMeterThread: Thread is done: Peppa Pig Live 1-5
2020-08-07 20:25:28,299 INFO o.a.j.t.JMeterThread: Thread finished: Peppa Pig Live 1-5
2020-08-07 20:25:28,440 INFO o.a.j.t.JMeterThread: Thread is done: Peppa Pig Live 1-58
2020-08-07 20:25:28,440 INFO o.a.j.t.JMeterThread: Thread finished: Peppa Pig Live 1-58
2020-08-07 20:25:30,235 INFO o.a.j.r.Summariser: summary +    234 in 00:00:30 =    7.8/s Avg:  9906 Min:   709 Max: 12007 Err:   234 (100.00%) Active: 47 Started: 100 Finished: 53
2020-08-07 20:25:30,235 INFO o.a.j.r.Summariser: summary =   8900 in 00:10:40 =   13.9/s Avg:  7020 Min:    15 Max: 12213 Err:  4982 (55.98%)
2020-08-07 20:25:30,317 INFO o.a.j.t.JMeterThread: Thread is done: Peppa Pig Live 1-83
2020-08-07 20:25:30,317 INFO o.a.j.t.JMeterThread: Thread finished: Peppa Pig Live 1-83
2020-08-07 20:25:30,532 INFO o.a.j.t.JMeterThread: Thread is done: Peppa Pig Live 1-90
2020-08-07 20:25:30,532 INFO o.a.j.t.JMeterThread: Thread finished: Peppa Pig Live 1-90
2020-08-07 20:25:30,648 INFO o.a.j.t.JMeterThread: Thread is done: Peppa Pig Live 1-98
2020-08-07 20:25:30,648 INFO o.a.j.t.JMeterThread: Thread finished: Peppa Pig Live 1-98
2020-08-07 20:25:30,953 INFO o.a.j.t.JMeterThread: Thread is done: Peppa Pig Live 1-91
2020-08-07 20:25:30,953 INFO o.a.j.t.JMeterThread: Thread finished: Peppa Pig Live 1-91
2020-08-07 20:25:31,970 INFO o.a.j.t.JMeterThread: Thread is done: Peppa Pig Live 1-3
2020-08-07 20:25:31,970 INFO o.a.j.t.JMeterThread: Thread finished: Peppa Pig Live 1-3
2020-08-07 20:25:32,318 INFO o.a.j.t.JMeterThread: Thread is done: Peppa Pig Live 1-68
2020-08-07 20:25:32,318 INFO o.a.j.t.JMeterThread: Thread finished: Peppa Pig Live 1-68
2020-08-07 20:25:33,423 INFO o.a.j.t.JMeterThread: Thread is done: Peppa Pig Live 1-24
2020-08-07 20:25:33,423 INFO o.a.j.t.JMeterThread: Thread finished: Peppa Pig Live 1-24
2020-08-07 20:25:33,479 INFO o.a.j.t.JMeterThread: Thread is done: Peppa Pig Live 1-1
2020-08-07 20:25:33,479 INFO o.a.j.t.JMeterThread: Thread finished: Peppa Pig Live 1-1
2020-08-07 20:25:33,577 INFO o.a.j.t.JMeterThread: Thread is done: Peppa Pig Live 1-49
2020-08-07 20:25:33,577 INFO o.a.j.t.JMeterThread: Thread finished: Peppa Pig Live 1-49
2020-08-07 20:25:33,600 INFO o.a.j.t.JMeterThread: Thread is done: Peppa Pig Live 1-32
2020-08-07 20:25:33,600 INFO o.a.j.t.JMeterThread: Thread finished: Peppa Pig Live 1-32
2020-08-07 20:25:33,753 INFO o.a.j.t.JMeterThread: Thread is done: Peppa Pig Live 1-37
2020-08-07 20:25:33,754 INFO o.a.j.t.JMeterThread: Thread finished: Peppa Pig Live 1-37
2020-08-07 20:25:33,754 INFO o.a.j.t.JMeterThread: Thread is done: Peppa Pig Live 1-87
2020-08-07 20:25:33,754 INFO o.a.j.t.JMeterThread: Thread finished: Peppa Pig Live 1-87
2020-08-07 20:25:34,090 INFO o.a.j.t.JMeterThread: Thread is done: Peppa Pig Live 1-96
2020-08-07 20:25:34,090 INFO o.a.j.t.JMeterThread: Thread finished: Peppa Pig Live 1-96
2020-08-07 20:25:34,093 INFO o.a.j.t.JMeterThread: Thread is done: Peppa Pig Live 1-50
2020-08-07 20:25:34,093 INFO o.a.j.t.JMeterThread: Thread finished: Peppa Pig Live 1-50
2020-08-07 20:25:34,094 INFO o.a.j.t.JMeterThread: Thread is done: Peppa Pig Live 1-36
2020-08-07 20:25:34,094 INFO o.a.j.t.JMeterThread: Thread finished: Peppa Pig Live 1-36
2020-08-07 20:25:34,177 INFO o.a.j.t.JMeterThread: Thread is done: Peppa Pig Live 1-46
2020-08-07 20:25:34,177 INFO o.a.j.t.JMeterThread: Thread finished: Peppa Pig Live 1-46
2020-08-07 20:25:34,182 INFO o.a.j.t.JMeterThread: Thread is done: Peppa Pig Live 1-15
2020-08-07 20:25:34,182 INFO o.a.j.t.JMeterThread: Thread finished: Peppa Pig Live 1-15
2020-08-07 20:25:34,350 INFO o.a.j.t.JMeterThread: Thread is done: Peppa Pig Live 1-86
2020-08-07 20:25:34,351 INFO o.a.j.t.JMeterThread: Thread finished: Peppa Pig Live 1-86
2020-08-07 20:25:34,542 INFO o.a.j.t.JMeterThread: Thread is done: Peppa Pig Live 1-95
2020-08-07 20:25:34,542 INFO o.a.j.t.JMeterThread: Thread finished: Peppa Pig Live 1-95
2020-08-07 20:25:34,578 INFO o.a.j.t.JMeterThread: Thread is done: Peppa Pig Live 1-25
2020-08-07 20:25:34,578 INFO o.a.j.t.JMeterThread: Thread finished: Peppa Pig Live 1-25
2020-08-07 20:25:34,827 INFO o.a.j.t.JMeterThread: Thread is done: Peppa Pig Live 1-93
2020-08-07 20:25:34,827 INFO o.a.j.t.JMeterThread: Thread finished: Peppa Pig Live 1-93
2020-08-07 20:25:34,896 INFO o.a.j.t.JMeterThread: Thread is done: Peppa Pig Live 1-74
2020-08-07 20:25:34,896 INFO o.a.j.t.JMeterThread: Thread finished: Peppa Pig Live 1-74
2020-08-07 20:25:34,997 INFO o.a.j.t.JMeterThread: Thread is done: Peppa Pig Live 1-100
2020-08-07 20:25:34,997 INFO o.a.j.t.JMeterThread: Thread finished: Peppa Pig Live 1-100
2020-08-07 20:25:35,098 INFO o.a.j.t.JMeterThread: Thread is done: Peppa Pig Live 1-56
2020-08-07 20:25:35,098 INFO o.a.j.t.JMeterThread: Thread finished: Peppa Pig Live 1-56
2020-08-07 20:25:35,168 INFO o.a.j.t.JMeterThread: Thread is done: Peppa Pig Live 1-55
2020-08-07 20:25:35,168 INFO o.a.j.t.JMeterThread: Thread finished: Peppa Pig Live 1-55
2020-08-07 20:25:36,512 INFO o.a.j.t.JMeterThread: Thread is done: Peppa Pig Live 1-10
2020-08-07 20:25:36,512 INFO o.a.j.t.JMeterThread: Thread finished: Peppa Pig Live 1-10
2020-08-07 20:25:36,820 INFO o.a.j.t.JMeterThread: Thread is done: Peppa Pig Live 1-77
2020-08-07 20:25:36,820 INFO o.a.j.t.JMeterThread: Thread finished: Peppa Pig Live 1-77
2020-08-07 20:25:37,019 INFO o.a.j.t.JMeterThread: Thread is done: Peppa Pig Live 1-52
2020-08-07 20:25:37,019 INFO o.a.j.t.JMeterThread: Thread finished: Peppa Pig Live 1-52
2020-08-07 20:25:37,136 INFO o.a.j.t.JMeterThread: Thread is done: Peppa Pig Live 1-43
2020-08-07 20:25:37,136 INFO o.a.j.t.JMeterThread: Thread finished: Peppa Pig Live 1-43
2020-08-07 20:25:37,321 INFO o.a.j.t.JMeterThread: Thread is done: Peppa Pig Live 1-42
2020-08-07 20:25:37,321 INFO o.a.j.t.JMeterThread: Thread finished: Peppa Pig Live 1-42
2020-08-07 20:25:37,493 INFO o.a.j.t.JMeterThread: Thread is done: Peppa Pig Live 1-13
2020-08-07 20:25:37,493 INFO o.a.j.t.JMeterThread: Thread finished: Peppa Pig Live 1-13
2020-08-07 20:25:38,351 INFO o.a.j.t.JMeterThread: Thread is done: Peppa Pig Live 1-60
2020-08-07 20:25:38,351 INFO o.a.j.t.JMeterThread: Thread finished: Peppa Pig Live 1-60
2020-08-07 20:25:38,885 INFO o.a.j.t.JMeterThread: Thread is done: Peppa Pig Live 1-89
2020-08-07 20:25:38,885 INFO o.a.j.t.JMeterThread: Thread finished: Peppa Pig Live 1-89
2020-08-07 20:25:39,123 INFO o.a.j.t.JMeterThread: Thread is done: Peppa Pig Live 1-20
2020-08-07 20:25:39,123 INFO o.a.j.t.JMeterThread: Thread finished: Peppa Pig Live 1-20
2020-08-07 20:25:40,368 INFO o.a.j.t.JMeterThread: Thread is done: Peppa Pig Live 1-76
2020-08-07 20:25:40,368 INFO o.a.j.t.JMeterThread: Thread finished: Peppa Pig Live 1-76
2020-08-07 20:25:42,091 INFO o.a.j.t.JMeterThread: Thread is done: Peppa Pig Live 1-72
2020-08-07 20:25:42,091 INFO o.a.j.t.JMeterThread: Thread finished: Peppa Pig Live 1-72
2020-08-07 20:25:42,108 INFO o.a.j.t.JMeterThread: Thread is done: Peppa Pig Live 1-63
2020-08-07 20:25:42,108 INFO o.a.j.t.JMeterThread: Thread finished: Peppa Pig Live 1-63
2020-08-07 20:25:43,838 INFO o.a.j.t.JMeterThread: Thread is done: Peppa Pig Live 1-47
2020-08-07 20:25:43,838 INFO o.a.j.t.JMeterThread: Thread finished: Peppa Pig Live 1-47
2020-08-07 20:25:46,767 INFO o.a.j.t.JMeterThread: Thread is done: Peppa Pig Live 1-11
2020-08-07 20:25:46,767 INFO o.a.j.t.JMeterThread: Thread finished: Peppa Pig Live 1-11
2020-08-07 20:25:46,783 INFO o.a.j.t.JMeterThread: Thread is done: Peppa Pig Live 1-65
2020-08-07 20:25:46,783 INFO o.a.j.t.JMeterThread: Thread finished: Peppa Pig Live 1-65
2020-08-07 20:25:47,613 INFO o.a.j.t.JMeterThread: Thread is done: Peppa Pig Live 1-29
2020-08-07 20:25:47,613 INFO o.a.j.t.JMeterThread: Thread finished: Peppa Pig Live 1-29
2020-08-07 20:25:47,923 INFO o.a.j.t.JMeterThread: Thread is done: Peppa Pig Live 1-53
2020-08-07 20:25:47,923 INFO o.a.j.t.JMeterThread: Thread finished: Peppa Pig Live 1-53
2020-08-07 20:25:48,121 INFO o.a.j.t.JMeterThread: Thread is done: Peppa Pig Live 1-84
2020-08-07 20:25:48,121 INFO o.a.j.t.JMeterThread: Thread finished: Peppa Pig Live 1-84
2020-08-07 20:25:48,564 INFO o.a.j.t.JMeterThread: Thread is done: Peppa Pig Live 1-23
2020-08-07 20:25:48,564 INFO o.a.j.t.JMeterThread: Thread finished: Peppa Pig Live 1-23
2020-08-07 20:25:51,598 INFO o.a.j.t.JMeterThread: Thread is done: Peppa Pig Live 1-80
2020-08-07 20:25:51,598 INFO o.a.j.t.JMeterThread: Thread finished: Peppa Pig Live 1-80
2020-08-07 20:25:51,909 INFO o.a.j.t.JMeterThread: Thread is done: Peppa Pig Live 1-81
2020-08-07 20:25:51,909 INFO o.a.j.t.JMeterThread: Thread finished: Peppa Pig Live 1-81
2020-08-07 20:25:52,550 INFO o.a.j.t.JMeterThread: Thread is done: Peppa Pig Live 1-48
2020-08-07 20:25:52,550 INFO o.a.j.t.JMeterThread: Thread finished: Peppa Pig Live 1-48
2020-08-07 20:25:52,551 INFO o.a.j.e.StandardJMeterEngine: Notifying test listeners of end of test
2020-08-07 20:25:52,551 INFO o.a.j.s.FileServer: Close: pig.csv@56491563
2020-08-07 20:25:52,551 INFO o.a.j.s.FileServer: Close: pig.csv@17686912
2020-08-07 20:25:52,551 INFO o.a.j.s.FileServer: Close: pig.csv@251869657
2020-08-07 20:25:52,552 INFO o.a.j.s.FileServer: Close: pig.csv@458526358
2020-08-07 20:25:52,552 INFO o.a.j.s.FileServer: Close: pig.csv@583502820
2020-08-07 20:25:52,552 INFO o.a.j.s.FileServer: Close: pig.csv@1305206418
2020-08-07 20:25:52,552 INFO o.a.j.s.FileServer: Close: pig.csv@227052718
2020-08-07 20:25:52,552 INFO o.a.j.s.FileServer: Close: pig.csv@576845611
2020-08-07 20:25:52,552 INFO o.a.j.s.FileServer: Close: pig.csv@1926682570
2020-08-07 20:25:52,553 INFO o.a.j.s.FileServer: Close: pig.csv@113038027
2020-08-07 20:25:52,553 INFO o.a.j.s.FileServer: Close: pig.csv@77904280
2020-08-07 20:25:52,553 INFO o.a.j.s.FileServer: Close: pig.csv@934194103
2020-08-07 20:25:52,553 INFO o.a.j.s.FileServer: Close: pig.csv@1815829011
2020-08-07 20:25:52,553 INFO o.a.j.s.FileServer: Close: pig.csv@625493943
2020-08-07 20:25:52,553 INFO o.a.j.s.FileServer: Close: pig.csv@2028128075
2020-08-07 20:25:52,554 INFO o.a.j.s.FileServer: Close: pig.csv@1418135143
2020-08-07 20:25:52,554 INFO o.a.j.s.FileServer: Close: pig.csv@292966761
2020-08-07 20:25:52,554 INFO o.a.j.s.FileServer: Close: pig.csv@1280225955
2020-08-07 20:25:52,554 INFO o.a.j.s.FileServer: Close: pig.csv@919588843
2020-08-07 20:25:52,555 INFO o.a.j.s.FileServer: Close: pig.csv@1735454092
2020-08-07 20:25:52,555 INFO o.a.j.s.FileServer: Close: pig.csv@1330839870
2020-08-07 20:25:52,555 INFO o.a.j.s.FileServer: Close: pig.csv@1307160001
2020-08-07 20:25:52,555 INFO o.a.j.s.FileServer: Close: pig.csv@797371428
2020-08-07 20:25:52,555 INFO o.a.j.s.FileServer: Close: pig.csv@886404557
2020-08-07 20:25:52,555 INFO o.a.j.s.FileServer: Close: pig.csv@2074887171
2020-08-07 20:25:52,555 INFO o.a.j.s.FileServer: Close: pig.csv@1098339403
2020-08-07 20:25:52,555 INFO o.a.j.s.FileServer: Close: pig.csv@1205555680
2020-08-07 20:25:52,555 INFO o.a.j.s.FileServer: Close: pig.csv@1732316748
2020-08-07 20:25:52,555 INFO o.a.j.s.FileServer: Close: pig.csv@2132320383
2020-08-07 20:25:52,555 INFO o.a.j.s.FileServer: Close: pig.csv@435035537
2020-08-07 20:25:52,556 INFO o.a.j.s.FileServer: Close: pig.csv@1408494400
2020-08-07 20:25:52,556 INFO o.a.j.s.FileServer: Close: pig.csv@147868113
2020-08-07 20:25:52,556 INFO o.a.j.s.FileServer: Close: pig.csv@392711003
2020-08-07 20:25:52,556 INFO o.a.j.s.FileServer: Close: pig.csv@241852885
2020-08-07 20:25:52,556 INFO o.a.j.s.FileServer: Close: pig.csv@1001592071
2020-08-07 20:25:52,556 INFO o.a.j.s.FileServer: Close: pig.csv@229254623
2020-08-07 20:25:52,556 INFO o.a.j.s.FileServer: Close: pig.csv@64076346
2020-08-07 20:25:52,556 INFO o.a.j.s.FileServer: Close: pig.csv@1946717435
2020-08-07 20:25:52,556 INFO o.a.j.s.FileServer: Close: pig.csv@660281704
2020-08-07 20:25:52,556 INFO o.a.j.s.FileServer: Close: pig.csv@168116006
2020-08-07 20:25:52,556 INFO o.a.j.s.FileServer: Close: pig.csv@1992962574
2020-08-07 20:25:52,556 INFO o.a.j.s.FileServer: Close: pig.csv@489923264
2020-08-07 20:25:52,556 INFO o.a.j.s.FileServer: Close: pig.csv@1533812555
2020-08-07 20:25:52,556 INFO o.a.j.s.FileServer: Close: pig.csv@1517426959
2020-08-07 20:25:52,556 INFO o.a.j.s.FileServer: Close: pig.csv@946578801
2020-08-07 20:25:52,556 INFO o.a.j.s.FileServer: Close: pig.csv@1613180174
2020-08-07 20:25:52,556 INFO o.a.j.s.FileServer: Close: pig.csv@222451662
2020-08-07 20:25:52,556 INFO o.a.j.s.FileServer: Close: pig.csv@1956633278
2020-08-07 20:25:52,556 INFO o.a.j.s.FileServer: Close: pig.csv@82254478
2020-08-07 20:25:52,556 INFO o.a.j.s.FileServer: Close: pig.csv@1151913161
2020-08-07 20:25:52,556 INFO o.a.j.s.FileServer: Close: pig.csv@226103612
2020-08-07 20:25:52,556 INFO o.a.j.s.FileServer: Close: pig.csv@1681242875
2020-08-07 20:25:52,556 INFO o.a.j.s.FileServer: Close: pig.csv@1165041015
2020-08-07 20:25:52,556 INFO o.a.j.s.FileServer: Close: pig.csv@1614484525
2020-08-07 20:25:52,556 INFO o.a.j.s.FileServer: Close: pig.csv@1791263792
2020-08-07 20:25:52,556 INFO o.a.j.s.FileServer: Close: pig.csv@366477496
2020-08-07 20:25:52,556 INFO o.a.j.s.FileServer: Close: pig.csv@234517793
2020-08-07 20:25:52,556 INFO o.a.j.s.FileServer: Close: pig.csv@439004662
2020-08-07 20:25:52,556 INFO o.a.j.s.FileServer: Close: pig.csv@1925853461
2020-08-07 20:25:52,556 INFO o.a.j.s.FileServer: Close: pig.csv@1983990345
2020-08-07 20:25:52,556 INFO o.a.j.s.FileServer: Close: pig.csv@952906880
2020-08-07 20:25:52,556 INFO o.a.j.s.FileServer: Close: pig.csv@1195825669
2020-08-07 20:25:52,557 INFO o.a.j.s.FileServer: Close: pig.csv@1046945335
2020-08-07 20:25:52,557 INFO o.a.j.s.FileServer: Close: pig.csv@1016433157
2020-08-07 20:25:52,557 INFO o.a.j.s.FileServer: Close: pig.csv@316656436
2020-08-07 20:25:52,557 INFO o.a.j.s.FileServer: Close: pig.csv@1056011083
2020-08-07 20:25:52,557 INFO o.a.j.s.FileServer: Close: pig.csv@1830711288
2020-08-07 20:25:52,557 INFO o.a.j.s.FileServer: Close: pig.csv@82469640
2020-08-07 20:25:52,557 INFO o.a.j.s.FileServer: Close: pig.csv@1216987474
2020-08-07 20:25:52,557 INFO o.a.j.s.FileServer: Close: pig.csv@1696534487
2020-08-07 20:25:52,557 INFO o.a.j.s.FileServer: Close: pig.csv@387101100
2020-08-07 20:25:52,557 INFO o.a.j.s.FileServer: Close: pig.csv@1854348989
2020-08-07 20:25:52,557 INFO o.a.j.s.FileServer: Close: pig.csv@1268721087
2020-08-07 20:25:52,557 INFO o.a.j.s.FileServer: Close: pig.csv@1276237156
2020-08-07 20:25:52,557 INFO o.a.j.s.FileServer: Close: pig.csv@1301975079
2020-08-07 20:25:52,557 INFO o.a.j.s.FileServer: Close: pig.csv@884709870
2020-08-07 20:25:52,557 INFO o.a.j.s.FileServer: Close: pig.csv@1671306944
2020-08-07 20:25:52,557 INFO o.a.j.s.FileServer: Close: pig.csv@825133889
2020-08-07 20:25:52,557 INFO o.a.j.s.FileServer: Close: pig.csv@637533897
2020-08-07 20:25:52,557 INFO o.a.j.s.FileServer: Close: pig.csv@1575144555
2020-08-07 20:25:52,557 INFO o.a.j.s.FileServer: Close: pig.csv@492220186
2020-08-07 20:25:52,557 INFO o.a.j.s.FileServer: Close: pig.csv@875804531
2020-08-07 20:25:52,557 INFO o.a.j.s.FileServer: Close: pig.csv@531851257
2020-08-07 20:25:52,557 INFO o.a.j.s.FileServer: Close: pig.csv@1031925219
2020-08-07 20:25:52,557 INFO o.a.j.s.FileServer: Close: pig.csv@1058370220
2020-08-07 20:25:52,557 INFO o.a.j.s.FileServer: Close: pig.csv@615429172
2020-08-07 20:25:52,557 INFO o.a.j.s.FileServer: Close: pig.csv@1500771223
2020-08-07 20:25:52,557 INFO o.a.j.s.FileServer: Close: pig.csv@511287697
2020-08-07 20:25:52,557 INFO o.a.j.s.FileServer: Close: pig.csv@1327790122
2020-08-07 20:25:52,557 INFO o.a.j.s.FileServer: Close: pig.csv@132702177
2020-08-07 20:25:52,557 INFO o.a.j.s.FileServer: Close: pig.csv@1897951463
2020-08-07 20:25:52,557 INFO o.a.j.s.FileServer: Close: pig.csv@1195575973
2020-08-07 20:25:52,557 INFO o.a.j.s.FileServer: Close: pig.csv@142339872
2020-08-07 20:25:52,557 INFO o.a.j.s.FileServer: Close: pig.csv@865242320
2020-08-07 20:25:52,557 INFO o.a.j.s.FileServer: Close: pig.csv@1460243417
2020-08-07 20:25:52,558 INFO o.a.j.s.FileServer: Close: pig.csv@236233797
2020-08-07 20:25:52,558 INFO o.a.j.s.FileServer: Close: pig.csv@334007025
2020-08-07 20:25:52,558 INFO o.a.j.s.FileServer: Close: pig.csv@1117163512
2020-08-07 20:25:52,558 INFO o.a.j.s.FileServer: Close: pig.csv@916111815
2020-08-07 20:25:52,558 INFO o.a.j.s.FileServer: Close: pig.csv@663872059
2020-08-07 20:25:52,558 INFO o.a.j.r.Summariser: summary +    100 in 00:00:22 =    4.5/s Avg:  6751 Min:   706 Max: 12005 Err:   100 (100.00%) Active: 0 Started: 100 Finished: 100
2020-08-07 20:25:52,559 INFO o.a.j.r.Summariser: summary =   9000 in 00:11:03 =   13.6/s Avg:  7017 Min:    15 Max: 12213 Err:  5082 (56.47%)
